SF:lib\providers\app_state.dart
DA:10,4
DA:11,4
DA:12,4
DA:13,2
DA:14,1
DA:15,2
DA:17,2
DA:18,4
DA:19,2
DA:20,2
DA:21,2
DA:25,2
DA:26,4
DA:27,2
DA:28,2
DA:32,2
DA:33,2
DA:34,2
DA:37,1
DA:38,1
DA:39,1
LF:21
LH:21
end_of_record
SF:lib\models\country_mode.dart
DA:10,3
LF:1
LH:1
end_of_record
SF:lib\models\message.dart
DA:8,2
DA:14,2
LF:2
LH:2
end_of_record
SF:lib\core\location_utils.dart
DA:3,2
DA:4,2
DA:5,4
DA:6,4
DA:7,1
DA:12,1
DA:13,1
DA:14,2
DA:15,2
DA:16,1
LF:10
LH:10
end_of_record
SF:lib\services\api_service.dart
DA:9,0
DA:11,0
DA:12,0
DA:16,0
DA:20,0
DA:23,0
DA:24,0
DA:27,0
DA:30,0
DA:40,0
DA:42,0
DA:43,0
DA:45,0
DA:46,0
DA:47,0
DA:49,0
DA:51,0
DA:54,0
DA:55,0
DA:56,0
DA:57,0
DA:62,0
DA:64,0
DA:65,0
DA:66,0
DA:67,0
DA:68,0
DA:75,0
DA:76,0
DA:77,0
DA:81,0
DA:84,0
DA:89,0
DA:91,0
DA:95,0
DA:106,0
DA:108,0
DA:109,0
DA:111,0
DA:112,0
DA:113,0
DA:114,0
DA:115,0
DA:121,0
DA:123,0
DA:124,0
DA:125,0
DA:126,0
DA:127,0
DA:134,0
DA:135,0
DA:136,0
DA:140,0
DA:143,0
DA:148,0
DA:156,0
DA:160,0
DA:165,0
DA:177,0
DA:179,0
DA:181,0
DA:182,0
DA:183,0
DA:184,0
DA:187,0
DA:188,0
DA:190,0
DA:191,0
DA:192,0
DA:193,0
DA:204,0
DA:206,0
DA:210,0
DA:211,0
DA:212,0
DA:215,0
DA:218,0
DA:223,0
DA:229,0
DA:231,0
DA:233,0
DA:234,0
DA:236,0
DA:237,0
DA:244,0
DA:246,0
DA:249,0
DA:250,0
DA:251,0
DA:252,0
DA:254,0
DA:255,0
DA:256,0
DA:257,0
DA:267,0
DA:268,0
DA:269,0
DA:270,0
DA:271,0
DA:273,0
LF:100
LH:0
end_of_record
SF:lib\services\chat_controller.dart
DA:28,2
DA:29,4
DA:32,3
DA:33,2
DA:36,0
DA:37,0
DA:38,0
DA:51,1
DA:53,3
DA:54,0
DA:55,0
DA:56,0
DA:57,0
DA:59,1
DA:60,3
DA:61,1
DA:65,3
DA:68,1
DA:70,5
DA:71,0
DA:72,0
DA:73,0
DA:74,0
DA:75,3
DA:76,2
DA:77,0
DA:78,0
DA:79,0
DA:80,0
DA:85,1
DA:87,2
DA:88,1
DA:89,1
DA:90,3
DA:91,1
DA:96,1
DA:97,2
DA:98,1
DA:99,1
DA:100,0
DA:102,3
DA:103,1
DA:107,0
DA:108,0
DA:109,0
DA:111,0
DA:112,0
DA:117,1
DA:194,2
DA:195,1
DA:198,1
DA:262,2
DA:263,1
DA:267,1
DA:268,2
DA:271,3
DA:272,1
DA:273,1
DA:274,2
DA:276,2
DA:277,1
DA:282,1
DA:283,1
DA:284,1
DA:285,1
DA:286,1
DA:287,0
DA:289,1
DA:290,1
DA:291,1
DA:292,3
DA:295,2
DA:297,2
DA:298,2
DA:300,2
DA:301,1
DA:302,1
DA:303,0
DA:307,0
DA:308,0
DA:322,0
DA:323,0
DA:324,0
DA:325,0
DA:327,0
DA:328,0
DA:329,0
DA:330,0
DA:332,0
DA:333,0
DA:334,0
DA:339,1
DA:340,2
DA:341,2
DA:345,0
DA:348,0
DA:350,0
DA:351,0
DA:352,0
DA:354,0
DA:355,0
DA:358,0
DA:359,0
DA:360,0
DA:361,0
DA:365,0
DA:372,0
DA:373,0
DA:374,0
DA:377,1
DA:378,2
DA:379,4
DA:380,2
DA:383,1
DA:384,0
DA:387,1
DA:388,0
DA:389,0
DA:392,3
DA:393,1
DA:395,1
DA:398,1
DA:399,2
DA:402,0
DA:403,0
DA:404,0
DA:408,0
DA:411,0
DA:415,0
DA:416,0
DA:417,0
DA:418,0
DA:419,0
DA:422,1
DA:423,3
DA:424,2
DA:425,2
DA:426,2
DA:427,2
DA:428,2
DA:429,2
DA:432,0
DA:433,0
DA:434,0
DA:435,0
DA:438,0
DA:439,0
DA:442,0
DA:443,0
DA:446,0
DA:449,0
DA:454,0
DA:455,0
DA:456,0
DA:459,0
DA:460,0
DA:462,0
DA:463,0
DA:466,0
LF:159
LH:77
end_of_record
